<?xml version="1.0" encoding="UTF-8"?>
<!-- Generated by org.testng.reporters.JUnitXMLReporter -->
<testsuite ignored="1" hostname="DESKTOP-ST8JVAJ" failures="0" tests="6" name="Default test" time="40.41" errors="0" timestamp="2022-09-26T00:03:54 EDT">
  <testcase classname="testcases.SignUpApplication" name="userExist" time="5.297"/>
  <testcase classname="testcases.SignUpApplication" name="userExist" time="5.128"/>
  <testcase classname="testcases.SignUpApplication" name="userExist" time="5.413"/>
  <testcase classname="testcases.SignUpApplication" name="userExist" time="4.703"/>
  <testcase classname="testcases.SignUpApplication" name="userExist" time="4.408"/>
  <testcase classname="testcases.SignUpApplication" name="userExist" time="4.294"/>
  <testcase classname="testcases.SignUpApplication" name="signUp" time="0.0">
    <ignored/>
  </testcase> <!-- signUp -->
</testsuite> <!-- Default test -->
