<?xml version="1.0" encoding="UTF-8"?>
<!-- Generated by org.testng.reporters.JUnitXMLReporter -->
<testsuite ignored="0" hostname="DESKTOP-ST8JVAJ" failures="1" tests="1" name="Test" time="6.023" errors="0" timestamp="2022-09-23T01:23:33 EDT">
  <testcase classname="testcases.SignUpApplication" name="signUp" time="1.318">
    <failure type="org.testng.internal.reflect.MethodMatcherException" message="
[public void testcases.SignUpApplication.signUp(java.lang.String,java.lang.String,java.lang.String,java.lang.String,java.lang.String,java.lang.String)] has no parameters defined but was found to be using a data provider (either explicitly specified or inherited from class level annotation).
Data provider mismatch
Method: signUp([Parameter{index=0, type=java.lang.String, declaredAnnotations=[]}, Parameter{index=1, type=java.lang.String, declaredAnnotations=[]}, Parameter{index=2, type=java.lang.String, declaredAnnotations=[]}, Parameter{index=3, type=java.lang.String, declaredAnnotations=[]}, Parameter{index=4, type=java.lang.String, declaredAnnotations=[]}, Parameter{index=5, type=java.lang.String, declaredAnnotations=[]}])
Arguments: [(java.lang.String) Omer,(java.lang.String) Omer1@gmail.com,(java.lang.String) omer123,(java.lang.String) MLOps Courses,(java.lang.String) Male,(java.lang.String) Goa,(java.lang.String) Omer1@gmail.com,(java.lang.String) omer123]">
      <![CDATA[org.testng.internal.reflect.MethodMatcherException: 
[public void testcases.SignUpApplication.signUp(java.lang.String,java.lang.String,java.lang.String,java.lang.String,java.lang.String,java.lang.String)] has no parameters defined but was found to be using a data provider (either explicitly specified or inherited from class level annotation).
Data provider mismatch
Method: signUp([Parameter{index=0, type=java.lang.String, declaredAnnotations=[]}, Parameter{index=1, type=java.lang.String, declaredAnnotations=[]}, Parameter{index=2, type=java.lang.String, declaredAnnotations=[]}, Parameter{index=3, type=java.lang.String, declaredAnnotations=[]}, Parameter{index=4, type=java.lang.String, declaredAnnotations=[]}, Parameter{index=5, type=java.lang.String, declaredAnnotations=[]}])
Arguments: [(java.lang.String) Omer,(java.lang.String) Omer1@gmail.com,(java.lang.String) omer123,(java.lang.String) MLOps Courses,(java.lang.String) Male,(java.lang.String) Goa,(java.lang.String) Omer1@gmail.com,(java.lang.String) omer123]
at java.base/java.util.ArrayList.forEach(ArrayList.java:1511)
... Removed 22 stack frames]]>
    </failure>
  </testcase> <!-- signUp -->
</testsuite> <!-- Test -->
