<?xml version="1.0" encoding="UTF-8"?>
<testng-results ignored="0" total="1" passed="1" failed="0" skipped="0">
  <reporter-output>
  </reporter-output>
  <suite started-at="2022-10-10T23:44:09 EDT" name="Suite" finished-at="2022-10-10T23:44:09 EDT" duration-ms="147">
    <groups>
    </groups>
    <test started-at="2022-10-10T23:44:09 EDT" name="Test" finished-at="2022-10-10T23:44:09 EDT" duration-ms="147">
      <class name="testcases.SampleTestClass2">
        <test-method signature="sampleTestcase()[pri:0, instance:testcases.SampleTestClass2@5a56cdac]" started-at="2022-10-10T23:44:09 EDT" name="sampleTestcase" finished-at="2022-10-10T23:44:09 EDT" duration-ms="35" status="PASS">
          <reporter-output>
          </reporter-output>
        </test-method> <!-- sampleTestcase -->
      </class> <!-- testcases.SampleTestClass2 -->
    </test> <!-- Test -->
  </suite> <!-- Suite -->
</testng-results>
